<?xml version="1.0" encoding="UTF-8"?>
<!-- Generated by org.testng.reporters.JUnitReportReporter -->
<testsuite skipped="0" hostname="DESKTOP-549D41V" name="com.testDetails.JsonDataDecode" tests="2" failures="0" timestamp="21 Jan 2023 17:38:48 GMT" time="0.036" errors="0">
  <testcase name="checkForWicketKeeper" time="0.029" classname="com.testDetails.JsonDataDecode"/>
  <testcase name="checkForeignPlayers" time="0.007" classname="com.testDetails.JsonDataDecode"/>
</testsuite> <!-- com.testDetails.JsonDataDecode -->
